<?xml version="1.0" encoding="UTF-8"?>
<!-- Generated by org.testng.reporters.JUnitXMLReporter -->
<testsuite ignored="0" hostname="LAPTOP-8HKDTMPM" failures="0" tests="3" name="Default test" time="0.133" errors="0" timestamp="2024-01-24T22:44:50 CET">
  <testcase classname="testNG.EmpAccountTest" name="testEmpAccount" time="0.022"/>
  <testcase classname="testNG.EmpAccountTest" name="testEmpAccount" time="0.001"/>
  <testcase classname="testNG.EmpAccountTest" name="testEmpAccount" time="0.002"/>
</testsuite> <!-- Default test -->
