<?xml version="1.0" encoding="UTF-8"?>
<testng-results ignored="0" total="3" passed="3" failed="0" skipped="0">
  <reporter-output>
  </reporter-output>
  <suite started-at="2024-01-24T22:44:50 CET" name="Default suite" finished-at="2024-01-24T22:44:50 CET" duration-ms="133">
    <groups>
    </groups>
    <test started-at="2024-01-24T22:44:50 CET" name="Default test" finished-at="2024-01-24T22:44:50 CET" duration-ms="133">
      <class name="testNG.EmpAccountTest">
        <test-method signature="testEmpAccount(int,java.lang.String,float,float,float)[pri:0, instance:testNG.EmpAccountTest@4803b726]" started-at="2024-01-24T22:44:50 CET" name="testEmpAccount" data-provider="empAccountData" finished-at="2024-01-24T22:44:50 CET" duration-ms="22" status="PASS">
          <params>
            <param index="0">
              <value>
                <![CDATA[1]]>
              </value>
            </param>
            <param index="1">
              <value>
                <![CDATA[John Doe]]>
              </value>
            </param>
            <param index="2">
              <value>
                <![CDATA[1000.0]]>
              </value>
            </param>
            <param index="3">
              <value>
                <![CDATA[500.0]]>
              </value>
            </param>
            <param index="4">
              <value>
                <![CDATA[200.0]]>
              </value>
            </param>
          </params>
          <reporter-output>
          </reporter-output>
        </test-method> <!-- testEmpAccount -->
        <test-method signature="testEmpAccount(int,java.lang.String,float,float,float)[pri:0, instance:testNG.EmpAccountTest@4803b726]" started-at="2024-01-24T22:44:50 CET" name="testEmpAccount" data-provider="empAccountData" finished-at="2024-01-24T22:44:50 CET" duration-ms="1" status="PASS">
          <params>
            <param index="0">
              <value>
                <![CDATA[2]]>
              </value>
            </param>
            <param index="1">
              <value>
                <![CDATA[Jane Smith]]>
              </value>
            </param>
            <param index="2">
              <value>
                <![CDATA[1500.0]]>
              </value>
            </param>
            <param index="3">
              <value>
                <![CDATA[700.0]]>
              </value>
            </param>
            <param index="4">
              <value>
                <![CDATA[300.0]]>
              </value>
            </param>
          </params>
          <reporter-output>
          </reporter-output>
        </test-method> <!-- testEmpAccount -->
        <test-method signature="testEmpAccount(int,java.lang.String,float,float,float)[pri:0, instance:testNG.EmpAccountTest@4803b726]" started-at="2024-01-24T22:44:50 CET" name="testEmpAccount" data-provider="empAccountData" finished-at="2024-01-24T22:44:50 CET" duration-ms="2" status="PASS">
          <params>
            <param index="0">
              <value>
                <![CDATA[3]]>
              </value>
            </param>
            <param index="1">
              <value>
                <![CDATA[Bob Johnson]]>
              </value>
            </param>
            <param index="2">
              <value>
                <![CDATA[800.0]]>
              </value>
            </param>
            <param index="3">
              <value>
                <![CDATA[400.0]]>
              </value>
            </param>
            <param index="4">
              <value>
                <![CDATA[100.0]]>
              </value>
            </param>
          </params>
          <reporter-output>
          </reporter-output>
        </test-method> <!-- testEmpAccount -->
      </class> <!-- testNG.EmpAccountTest -->
    </test> <!-- Default test -->
  </suite> <!-- Default suite -->
</testng-results>
