<?xml version="1.0" encoding="UTF-8"?>
<testng-results ignored="0" total="14" passed="14" failed="0" skipped="0">
  <reporter-output>
  </reporter-output>
  <suite started-at="2024-02-09T00:45:31 CET" name="Suite" finished-at="2024-02-09T00:46:18 CET" duration-ms="47265">
    <groups>
      <group name="cucumber">
        <method signature="AbstractTestNGCucumberTests.runScenario(io.cucumber.testng.PickleWrapper,io.cucumber.testng.FeatureWrapper)[pri:0, instance:TestRunner.Runner$TestRunner@d737b89]" name="runScenario" class="io.cucumber.testng.AbstractTestNGCucumberTests"/>
      </group> <!-- cucumber -->
    </groups>
    <test started-at="2024-02-09T00:45:31 CET" name="Test" finished-at="2024-02-09T00:46:18 CET" duration-ms="47265">
      <class name="TestRunner.Runner$TestRunner">
        <test-method is-config="true" signature="setUpClass(org.testng.ITestContext)[pri:0, instance:TestRunner.Runner$TestRunner@d737b89]" started-at="2024-02-09T00:45:31 CET" name="setUpClass" finished-at="2024-02-09T00:45:32 CET" duration-ms="567" status="PASS">
          <params>
            <param index="0">
              <value>
                <![CDATA[org.testng.TestRunner@6ba6557e]]>
              </value>
            </param>
          </params>
          <reporter-output>
          </reporter-output>
        </test-method> <!-- setUpClass -->
        <test-method signature="runScenario(io.cucumber.testng.PickleWrapper,io.cucumber.testng.FeatureWrapper)[pri:0, instance:TestRunner.Runner$TestRunner@d737b89]" started-at="2024-02-09T00:45:32 CET" name="runScenario" description="Runs Cucumber Scenarios" data-provider="scenarios" finished-at="2024-02-09T00:45:35 CET" duration-ms="3393" status="PASS">
          <params>
            <param index="0">
              <value>
                <![CDATA["Verify successful login"]]>
              </value>
            </param>
            <param index="1">
              <value>
                <![CDATA["Login Functionality Verification"]]>
              </value>
            </param>
          </params>
          <reporter-output>
          </reporter-output>
        </test-method> <!-- runScenario -->
        <test-method signature="runScenario(io.cucumber.testng.PickleWrapper,io.cucumber.testng.FeatureWrapper)[pri:0, instance:TestRunner.Runner$TestRunner@d737b89]" started-at="2024-02-09T00:45:35 CET" name="runScenario" description="Runs Cucumber Scenarios" data-provider="scenarios" finished-at="2024-02-09T00:45:37 CET" duration-ms="1585" status="PASS">
          <params>
            <param index="0">
              <value>
                <![CDATA["Verify unsuccessful login with invalid credentials"]]>
              </value>
            </param>
            <param index="1">
              <value>
                <![CDATA["Login Functionality Verification"]]>
              </value>
            </param>
          </params>
          <reporter-output>
          </reporter-output>
        </test-method> <!-- runScenario -->
        <test-method signature="runScenario(io.cucumber.testng.PickleWrapper,io.cucumber.testng.FeatureWrapper)[pri:0, instance:TestRunner.Runner$TestRunner@d737b89]" started-at="2024-02-09T00:45:37 CET" name="runScenario" description="Runs Cucumber Scenarios" data-provider="scenarios" finished-at="2024-02-09T00:45:38 CET" duration-ms="1686" status="PASS">
          <params>
            <param index="0">
              <value>
                <![CDATA["Verify successful login"]]>
              </value>
            </param>
            <param index="1">
              <value>
                <![CDATA["Login Functionality Verification"]]>
              </value>
            </param>
          </params>
          <reporter-output>
          </reporter-output>
        </test-method> <!-- runScenario -->
        <test-method signature="runScenario(io.cucumber.testng.PickleWrapper,io.cucumber.testng.FeatureWrapper)[pri:0, instance:TestRunner.Runner$TestRunner@d737b89]" started-at="2024-02-09T00:45:38 CET" name="runScenario" description="Runs Cucumber Scenarios" data-provider="scenarios" finished-at="2024-02-09T00:45:46 CET" duration-ms="7582" status="PASS">
          <params>
            <param index="0">
              <value>
                <![CDATA["Verify unsuccessful login with invalid credentials"]]>
              </value>
            </param>
            <param index="1">
              <value>
                <![CDATA["Login Functionality Verification"]]>
              </value>
            </param>
          </params>
          <reporter-output>
          </reporter-output>
        </test-method> <!-- runScenario -->
        <test-method signature="runScenario(io.cucumber.testng.PickleWrapper,io.cucumber.testng.FeatureWrapper)[pri:0, instance:TestRunner.Runner$TestRunner@d737b89]" started-at="2024-02-09T00:45:46 CET" name="runScenario" description="Runs Cucumber Scenarios" data-provider="scenarios" finished-at="2024-02-09T00:45:48 CET" duration-ms="1525" status="PASS">
          <params>
            <param index="0">
              <value>
                <![CDATA["Verify successful login"]]>
              </value>
            </param>
            <param index="1">
              <value>
                <![CDATA["Login Functionality Verification"]]>
              </value>
            </param>
          </params>
          <reporter-output>
          </reporter-output>
        </test-method> <!-- runScenario -->
        <test-method signature="runScenario(io.cucumber.testng.PickleWrapper,io.cucumber.testng.FeatureWrapper)[pri:0, instance:TestRunner.Runner$TestRunner@d737b89]" started-at="2024-02-09T00:45:48 CET" name="runScenario" description="Runs Cucumber Scenarios" data-provider="scenarios" finished-at="2024-02-09T00:45:49 CET" duration-ms="1468" status="PASS">
          <params>
            <param index="0">
              <value>
                <![CDATA["Verify unsuccessful login with invalid credentials"]]>
              </value>
            </param>
            <param index="1">
              <value>
                <![CDATA["Login Functionality Verification"]]>
              </value>
            </param>
          </params>
          <reporter-output>
          </reporter-output>
        </test-method> <!-- runScenario -->
        <test-method signature="runScenario(io.cucumber.testng.PickleWrapper,io.cucumber.testng.FeatureWrapper)[pri:0, instance:TestRunner.Runner$TestRunner@d737b89]" started-at="2024-02-09T00:45:49 CET" name="runScenario" description="Runs Cucumber Scenarios" data-provider="scenarios" finished-at="2024-02-09T00:45:56 CET" duration-ms="6663" status="PASS">
          <params>
            <param index="0">
              <value>
                <![CDATA["Verify successful login"]]>
              </value>
            </param>
            <param index="1">
              <value>
                <![CDATA["Login Functionality Verification"]]>
              </value>
            </param>
          </params>
          <reporter-output>
          </reporter-output>
        </test-method> <!-- runScenario -->
        <test-method signature="runScenario(io.cucumber.testng.PickleWrapper,io.cucumber.testng.FeatureWrapper)[pri:0, instance:TestRunner.Runner$TestRunner@d737b89]" started-at="2024-02-09T00:45:56 CET" name="runScenario" description="Runs Cucumber Scenarios" data-provider="scenarios" finished-at="2024-02-09T00:45:57 CET" duration-ms="1466" status="PASS">
          <params>
            <param index="0">
              <value>
                <![CDATA["Verify unsuccessful login with invalid credentials"]]>
              </value>
            </param>
            <param index="1">
              <value>
                <![CDATA["Login Functionality Verification"]]>
              </value>
            </param>
          </params>
          <reporter-output>
          </reporter-output>
        </test-method> <!-- runScenario -->
        <test-method signature="runScenario(io.cucumber.testng.PickleWrapper,io.cucumber.testng.FeatureWrapper)[pri:0, instance:TestRunner.Runner$TestRunner@d737b89]" started-at="2024-02-09T00:45:57 CET" name="runScenario" description="Runs Cucumber Scenarios" data-provider="scenarios" finished-at="2024-02-09T00:46:01 CET" duration-ms="3490" status="PASS">
          <params>
            <param index="0">
              <value>
                <![CDATA["Valid User Login"]]>
              </value>
            </param>
            <param index="1">
              <value>
                <![CDATA["Login Functionality Test"]]>
              </value>
            </param>
          </params>
          <reporter-output>
          </reporter-output>
        </test-method> <!-- runScenario -->
        <test-method signature="runScenario(io.cucumber.testng.PickleWrapper,io.cucumber.testng.FeatureWrapper)[pri:0, instance:TestRunner.Runner$TestRunner@d737b89]" started-at="2024-02-09T00:46:01 CET" name="runScenario" description="Runs Cucumber Scenarios" data-provider="scenarios" finished-at="2024-02-09T00:46:04 CET" duration-ms="3583" status="PASS">
          <params>
            <param index="0">
              <value>
                <![CDATA["Valid User Login"]]>
              </value>
            </param>
            <param index="1">
              <value>
                <![CDATA["Login Functionality Test"]]>
              </value>
            </param>
          </params>
          <reporter-output>
          </reporter-output>
        </test-method> <!-- runScenario -->
        <test-method signature="runScenario(io.cucumber.testng.PickleWrapper,io.cucumber.testng.FeatureWrapper)[pri:0, instance:TestRunner.Runner$TestRunner@d737b89]" started-at="2024-02-09T00:46:04 CET" name="runScenario" description="Runs Cucumber Scenarios" data-provider="scenarios" finished-at="2024-02-09T00:46:10 CET" duration-ms="5588" status="PASS">
          <params>
            <param index="0">
              <value>
                <![CDATA["Invalid User Login"]]>
              </value>
            </param>
            <param index="1">
              <value>
                <![CDATA["Login Functionality Test"]]>
              </value>
            </param>
          </params>
          <reporter-output>
          </reporter-output>
        </test-method> <!-- runScenario -->
        <test-method signature="runScenario(io.cucumber.testng.PickleWrapper,io.cucumber.testng.FeatureWrapper)[pri:0, instance:TestRunner.Runner$TestRunner@d737b89]" started-at="2024-02-09T00:46:10 CET" name="runScenario" description="Runs Cucumber Scenarios" data-provider="scenarios" finished-at="2024-02-09T00:46:15 CET" duration-ms="5514" status="PASS">
          <params>
            <param index="0">
              <value>
                <![CDATA["Invalid User Login"]]>
              </value>
            </param>
            <param index="1">
              <value>
                <![CDATA["Login Functionality Test"]]>
              </value>
            </param>
          </params>
          <reporter-output>
          </reporter-output>
        </test-method> <!-- runScenario -->
        <test-method signature="runScenario(io.cucumber.testng.PickleWrapper,io.cucumber.testng.FeatureWrapper)[pri:0, instance:TestRunner.Runner$TestRunner@d737b89]" started-at="2024-02-09T00:46:15 CET" name="runScenario" description="Runs Cucumber Scenarios" data-provider="scenarios" finished-at="2024-02-09T00:46:17 CET" duration-ms="1556" status="PASS">
          <params>
            <param index="0">
              <value>
                <![CDATA["Verify successful login"]]>
              </value>
            </param>
            <param index="1">
              <value>
                <![CDATA["Login Functionality Verification"]]>
              </value>
            </param>
          </params>
          <reporter-output>
          </reporter-output>
        </test-method> <!-- runScenario -->
        <test-method signature="runScenario(io.cucumber.testng.PickleWrapper,io.cucumber.testng.FeatureWrapper)[pri:0, instance:TestRunner.Runner$TestRunner@d737b89]" started-at="2024-02-09T00:46:17 CET" name="runScenario" description="Runs Cucumber Scenarios" data-provider="scenarios" finished-at="2024-02-09T00:46:18 CET" duration-ms="1515" status="PASS">
          <params>
            <param index="0">
              <value>
                <![CDATA["Verify unsuccessful login with invalid credentials"]]>
              </value>
            </param>
            <param index="1">
              <value>
                <![CDATA["Login Functionality Verification"]]>
              </value>
            </param>
          </params>
          <reporter-output>
          </reporter-output>
        </test-method> <!-- runScenario -->
        <test-method is-config="true" signature="tearDownClass()[pri:0, instance:TestRunner.Runner$TestRunner@d737b89]" started-at="2024-02-09T00:46:18 CET" name="tearDownClass" finished-at="2024-02-09T00:46:18 CET" duration-ms="20" status="PASS">
          <reporter-output>
          </reporter-output>
        </test-method> <!-- tearDownClass -->
      </class> <!-- TestRunner.Runner$TestRunner -->
    </test> <!-- Test -->
  </suite> <!-- Suite -->
</testng-results>
